[
  {
    "game_1": {
      "total_kills": 0,
      "players": [
        "Isgalamido"
      ],
      "kills": {},
      "kills_discounted_killed_by_world": {},
      "killByMeans": {},
      "killedByWorldPlayer": {}
    }
  },
  {
    "game_2": {
      "total_kills": 15,
      "players": [
        "Isgalamido",
        "Dono da Bola",
        "Mocinha",
        "Zeh"
      ],
      "kills": {
        "Isgalamido": 4
      },
      "kills_discounted_killed_by_world": {
        "Isgalamido": -4,
        "Zeh": -2,
        "Dono da Bola": -1
      },
      "killByMeans": {
        "MOD_TRIGGER_HURT": 9,
        "MOD_ROCKET_SPLASH": 3,
        "MOD_FALLING": 2,
        "MOD_ROCKET": 1
      },
      "killedByWorldPlayer": {
        "Isgalamido": 8,
        "Zeh": 2,
        "Dono da Bola": 1
      }
    }
  },
  {
    "game_3": {
      "total_kills": 105,
      "players": [
        "Dono da Bola",
        "Isgalamido",
        "Zeh",
        "Assasinu Credi"
      ],
      "kills": {
        "Dono da Bola": 20,
        "Isgalamido": 27,
        "Zeh": 22,
        "Assasinu Credi": 16
      },
      "kills_discounted_killed_by_world": {
        "Isgalamido": 19,
        "Dono da Bola": 13,
        "Assasinu Credi": 13,
        "Zeh": 20
      },
      "killByMeans": {
        "MOD_TRIGGER_HURT": 9,
        "MOD_FALLING": 11,
        "MOD_ROCKET": 20,
        "MOD_RAILGUN": 8,
        "MOD_ROCKET_SPLASH": 51,
        "MOD_MACHINEGUN": 4,
        "MOD_SHOTGUN": 2
      },
      "killedByWorldPlayer": {
        "Isgalamido": 8,
        "Dono da Bola": 7,
        "Assasinu Credi": 3,
        "Zeh": 2
      }
    }
  },
  {
    "game_4": {
      "total_kills": 14,
      "players": [
        "Dono da Bola",
        "Isgalamido",
        "Zeh",
        "Assasinu Credi"
      ],
      "kills": {
        "Isgalamido": 2,
        "Zeh": 2,
        "Assasinu Credi": 5
      },
      "kills_discounted_killed_by_world": {
        "Assasinu Credi": 1,
        "Zeh": 1
      },
      "killByMeans": {
        "MOD_ROCKET": 4,
        "MOD_ROCKET_SPLASH": 4,
        "MOD_TRIGGER_HURT": 5,
        "MOD_RAILGUN": 1
      },
      "killedByWorldPlayer": {
        "Assasinu Credi": 4,
        "Zeh": 1
      }
    }
  },
  {
    "game_5": {
      "total_kills": 29,
      "players": [
        "Fasano Again",
        "Isgalamido",
        "Zeh",
        "Dono da Bola",
        "UnnamedPlayer",
        "Maluquinho",
        "Assasinu Credi",
        "Mal"
      ],
      "kills": {
        "Oootsimo": 9,
        "Isgalamido": 4,
        "Zeh": 8,
        "Dono da Bola": 2,
        "Maluquinho": 1,
        "Assasinu Credi": 1
      },
      "kills_discounted_killed_by_world": {
        "Oootsimo": 8,
        "Zeh": 7,
        "Maluquinho": 0,
        "Isgalamido": 3
      },
      "killByMeans": {
        "MOD_ROCKET": 5,
        "MOD_RAILGUN": 2,
        "MOD_SHOTGUN": 4,
        "MOD_ROCKET_SPLASH": 13,
        "MOD_TRIGGER_HURT": 3,
        "MOD_FALLING": 1,
        "MOD_MACHINEGUN": 1
      },
      "killedByWorldPlayer": {
        "Oootsimo": 1,
        "Zeh": 1,
        "Maluquinho": 1,
        "Isgalamido": 1
      }
    }
  }
][
  {
    "game_1": {
      "total_kills": 0,
      "players": [
        "Isgalamido"
      ],
      "kills": {},
      "kills_discounted_killed_by_world": {},
      "killByMeans": {},
      "killedByWorldPlayer": {}
    }
  },
  {
    "game_2": {
      "total_kills": 15,
      "players": [
        "Isgalamido",
        "Dono da Bola",
        "Mocinha",
        "Zeh"
      ],
      "kills": {
        "Isgalamido": 4
      },
      "kills_discounted_killed_by_world": {
        "Isgalamido": -4,
        "Zeh": -2,
        "Dono da Bola": -1
      },
      "killByMeans": {
        "MOD_TRIGGER_HURT": 9,
        "MOD_ROCKET_SPLASH": 3,
        "MOD_FALLING": 2,
        "MOD_ROCKET": 1
      },
      "killedByWorldPlayer": {
        "Isgalamido": 8,
        "Zeh": 2,
        "Dono da Bola": 1
      }
    }
  },
  {
    "game_3": {
      "total_kills": 105,
      "players": [
        "Dono da Bola",
        "Isgalamido",
        "Zeh",
        "Assasinu Credi"
      ],
      "kills": {
        "Dono da Bola": 20,
        "Isgalamido": 27,
        "Zeh": 22,
        "Assasinu Credi": 16
      },
      "kills_discounted_killed_by_world": {
        "Isgalamido": 19,
        "Dono da Bola": 13,
        "Assasinu Credi": 13,
        "Zeh": 20
      },
      "killByMeans": {
        "MOD_TRIGGER_HURT": 9,
        "MOD_FALLING": 11,
        "MOD_ROCKET": 20,
        "MOD_RAILGUN": 8,
        "MOD_ROCKET_SPLASH": 51,
        "MOD_MACHINEGUN": 4,
        "MOD_SHOTGUN": 2
      },
      "killedByWorldPlayer": {
        "Isgalamido": 8,
        "Dono da Bola": 7,
        "Assasinu Credi": 3,
        "Zeh": 2
      }
    }
  },
  {
    "game_4": {
      "total_kills": 14,
      "players": [
        "Dono da Bola",
        "Isgalamido",
        "Zeh",
        "Assasinu Credi"
      ],
      "kills": {
        "Isgalamido": 2,
        "Zeh": 2,
        "Assasinu Credi": 5
      },
      "kills_discounted_killed_by_world": {
        "Assasinu Credi": 1,
        "Zeh": 1
      },
      "killByMeans": {
        "MOD_ROCKET": 4,
        "MOD_ROCKET_SPLASH": 4,
        "MOD_TRIGGER_HURT": 5,
        "MOD_RAILGUN": 1
      },
      "killedByWorldPlayer": {
        "Assasinu Credi": 4,
        "Zeh": 1
      }
    }
  },
  {
    "game_5": {
      "total_kills": 29,
      "players": [
        "Fasano Again",
        "Isgalamido",
        "Zeh",
        "Dono da Bola",
        "UnnamedPlayer",
        "Maluquinho",
        "Assasinu Credi",
        "Mal"
      ],
      "kills": {
        "Oootsimo": 9,
        "Isgalamido": 4,
        "Zeh": 8,
        "Dono da Bola": 2,
        "Maluquinho": 1,
        "Assasinu Credi": 1
      },
      "kills_discounted_killed_by_world": {
        "Oootsimo": 8,
        "Zeh": 7,
        "Maluquinho": 0,
        "Isgalamido": 3
      },
      "killByMeans": {
        "MOD_ROCKET": 5,
        "MOD_RAILGUN": 2,
        "MOD_SHOTGUN": 4,
        "MOD_ROCKET_SPLASH": 13,
        "MOD_TRIGGER_HURT": 3,
        "MOD_FALLING": 1,
        "MOD_MACHINEGUN": 1
      },
      "killedByWorldPlayer": {
        "Oootsimo": 1,
        "Zeh": 1,
        "Maluquinho": 1,
        "Isgalamido": 1
      }
    }
  },
  {
    "game_6": {
      "total_kills": 89,
      "players": [
        "Oootsimo",
        "Isgalamido",
        "Zeh",
        "Dono da Bola",
        "Mal",
        "Assasinu Credi"
      ],
      "kills": {
        "Isgalamido": 24,
        "Assasinu Credi": 12,
        "Zeh": 15,
        "Dono da Bola": 5,
        "Oootsimo": 17,
        "Mal": 1
      },
      "kills_discounted_killed_by_world": {
        "Oootsimo": 16,
        "Isgalamido": 20,
        "Zeh": 12,
        "Dono da Bola": 3,
        "Mal": -2,
        "Assasinu Credi": 10
      },
      "killByMeans": {
        "MOD_TRIGGER_HURT": 9,
        "MOD_ROCKET": 18,
        "MOD_ROCKET_SPLASH": 39,
        "MOD_FALLING": 6,
        "MOD_RAILGUN": 12,
        "MOD_MACHINEGUN": 4,
        "MOD_SHOTGUN": 1
      },
      "killedByWorldPlayer": {
        "Oootsimo": 1,
        "Isgalamido": 4,
        "Zeh": 3,
        "Dono da Bola": 2,
        "Mal": 3,
        "Assasinu Credi": 2
      }
    }
  },
  {
    "game_7": {
      "total_kills": 67,
      "players": [
        "Oootsimo",
        "Isgalamido",
        "Zeh",
        "Dono da Bola",
        "Mal",
        "Assasinu Credi",
        "Chessus!",
        "Chessus"
      ],
      "kills": {
        "Oootsimo": 9,
        "Mal": 7,
        "Dono da Bola": 3,
        "Zeh": 15,
        "Assasinu Credi": 11,
        "Isgalamido": 2,
        "Chessus": 9
      },
      "kills_discounted_killed_by_world": {
        "Assasinu Credi": 10,
        "Isgalamido": 1,
        "Mal": 3,
        "Zeh": 12,
        "Dono da Bola": 2,
        "Chessus": 8
      },
      "killByMeans": {
        "MOD_TRIGGER_HURT": 8,
        "MOD_ROCKET_SPLASH": 25,
        "MOD_SHOTGUN": 1,
        "MOD_ROCKET": 17,
        "MOD_MACHINEGUN": 3,
        "MOD_FALLING": 3,
        "MOD_RAILGUN": 10
      },
      "killedByWorldPlayer": {
        "Assasinu Credi": 1,
        "Isgalamido": 1,
        "Mal": 4,
        "Zeh": 3,
        "Dono da Bola": 1,
        "Chessus": 1
      }
    }
  },
  {
    "game_8": {
      "total_kills": 60,
      "players": [
        "Oootsimo",
        "Dono da Bola",
        "Zeh",
        "Chessus",
        "Mal",
        "Assasinu Credi",
        "Isgalamido"
      ],
      "kills": {
        "Mal": 6,
        "Assasinu Credi": 5,
        "Dono da Bola": 5,
        "Chessus": 6,
        "Zeh": 9,
        "Isgalamido": 10,
        "Oootsimo": 1
      },
      "kills_discounted_killed_by_world": {
        "Dono da Bola": 3,
        "Oootsimo": -1,
        "Mal": 1,
        "Zeh": 7,
        "Isgalamido": 6,
        "Chessus": 5,
        "Assasinu Credi": 3
      },
      "killByMeans": {
        "MOD_TELEFRAG": 25,
        "MOD_TRIGGER_HURT": 17,
        "MOD_ROCKET": 4,
        "MOD_ROCKET_SPLASH": 1,
        "MOD_RAILGUN": 7,
        "MOD_BFG_SPLASH": 2,
        "MOD_BFG": 2,
        "MOD_MACHINEGUN": 1,
        "MOD_CRUSH": 1
      },
      "killedByWorldPlayer": {
        "Dono da Bola": 2,
        "Oootsimo": 2,
        "Mal": 5,
        "Zeh": 2,
        "Isgalamido": 4,
        "Chessus": 1,
        "Assasinu Credi": 2
      }
    }
  },
  {
    "game_9": {
      "total_kills": 20,
      "players": [
        "Dono da Bola",
        "Isgalamido",
        "Zeh",
        "Oootsimo",
        "Chessus",
        "Assasinu Credi",
        "UnnamedPlayer",
        "Mal"
      ],
      "kills": {
        "Oootsimo": 4,
        "Isgalamido": 7,
        "Dono da Bola": 1
      },
      "kills_discounted_killed_by_world": {
        "Dono da Bola": -2,
        "Isgalamido": 5,
        "Assasinu Credi": -3
      },
      "killByMeans": {
        "MOD_TRIGGER_HURT": 7,
        "MOD_CRUSH": 1,
        "MOD_ROCKET_SPLASH": 4,
        "MOD_BFG_SPLASH": 3,
        "MOD_MACHINEGUN": 1,
        "MOD_RAILGUN": 4
      },
      "killedByWorldPlayer": {
        "Dono da Bola": 3,
        "Isgalamido": 2,
        "Assasinu Credi": 3
      }
    }
  }
][
  {
    "game_1": {
      "total_kills": 0,
      "players": [
        "Isgalamido"
      ],
      "kills": {},
      "kills_discounted_killed_by_world": {},
      "killByMeans": {},
      "killedByWorldPlayer": {}
    }
  },
  {
    "game_2": {
      "total_kills": 15,
      "players": [
        "Isgalamido",
        "Dono da Bola",
        "Mocinha",
        "Zeh"
      ],
      "kills": {
        "Isgalamido": 4
      },
      "kills_discounted_killed_by_world": {
        "Isgalamido": -4,
        "Zeh": -2,
        "Dono da Bola": -1
      },
      "killByMeans": {
        "MOD_TRIGGER_HURT": 9,
        "MOD_ROCKET_SPLASH": 3,
        "MOD_FALLING": 2,
        "MOD_ROCKET": 1
      },
      "killedByWorldPlayer": {
        "Isgalamido": 8,
        "Zeh": 2,
        "Dono da Bola": 1
      }
    }
  },
  {
    "game_3": {
      "total_kills": 105,
      "players": [
        "Dono da Bola",
        "Isgalamido",
        "Zeh",
        "Assasinu Credi"
      ],
      "kills": {
        "Dono da Bola": 20,
        "Isgalamido": 27,
        "Zeh": 22,
        "Assasinu Credi": 16
      },
      "kills_discounted_killed_by_world": {
        "Isgalamido": 19,
        "Dono da Bola": 13,
        "Assasinu Credi": 13,
        "Zeh": 20
      },
      "killByMeans": {
        "MOD_TRIGGER_HURT": 9,
        "MOD_FALLING": 11,
        "MOD_ROCKET": 20,
        "MOD_RAILGUN": 8,
        "MOD_ROCKET_SPLASH": 51,
        "MOD_MACHINEGUN": 4,
        "MOD_SHOTGUN": 2
      },
      "killedByWorldPlayer": {
        "Isgalamido": 8,
        "Dono da Bola": 7,
        "Assasinu Credi": 3,
        "Zeh": 2
      }
    }
  },
  {
    "game_4": {
      "total_kills": 14,
      "players": [
        "Dono da Bola",
        "Isgalamido",
        "Zeh",
        "Assasinu Credi"
      ],
      "kills": {
        "Isgalamido": 2,
        "Zeh": 2,
        "Assasinu Credi": 5
      },
      "kills_discounted_killed_by_world": {
        "Assasinu Credi": 1,
        "Zeh": 1
      },
      "killByMeans": {
        "MOD_ROCKET": 4,
        "MOD_ROCKET_SPLASH": 4,
        "MOD_TRIGGER_HURT": 5,
        "MOD_RAILGUN": 1
      },
      "killedByWorldPlayer": {
        "Assasinu Credi": 4,
        "Zeh": 1
      }
    }
  },
  {
    "game_5": {
      "total_kills": 29,
      "players": [
        "Fasano Again",
        "Isgalamido",
        "Zeh",
        "Dono da Bola",
        "UnnamedPlayer",
        "Maluquinho",
        "Assasinu Credi",
        "Mal"
      ],
      "kills": {
        "Oootsimo": 9,
        "Isgalamido": 4,
        "Zeh": 8,
        "Dono da Bola": 2,
        "Maluquinho": 1,
        "Assasinu Credi": 1
      },
      "kills_discounted_killed_by_world": {
        "Oootsimo": 8,
        "Zeh": 7,
        "Maluquinho": 0,
        "Isgalamido": 3
      },
      "killByMeans": {
        "MOD_ROCKET": 5,
        "MOD_RAILGUN": 2,
        "MOD_SHOTGUN": 4,
        "MOD_ROCKET_SPLASH": 13,
        "MOD_TRIGGER_HURT": 3,
        "MOD_FALLING": 1,
        "MOD_MACHINEGUN": 1
      },
      "killedByWorldPlayer": {
        "Oootsimo": 1,
        "Zeh": 1,
        "Maluquinho": 1,
        "Isgalamido": 1
      }
    }
  },
  {
    "game_6": {
      "total_kills": 89,
      "players": [
        "Oootsimo",
        "Isgalamido",
        "Zeh",
        "Dono da Bola",
        "Mal",
        "Assasinu Credi"
      ],
      "kills": {
        "Isgalamido": 24,
        "Assasinu Credi": 12,
        "Zeh": 15,
        "Dono da Bola": 5,
        "Oootsimo": 17,
        "Mal": 1
      },
      "kills_discounted_killed_by_world": {
        "Oootsimo": 16,
        "Isgalamido": 20,
        "Zeh": 12,
        "Dono da Bola": 3,
        "Mal": -2,
        "Assasinu Credi": 10
      },
      "killByMeans": {
        "MOD_TRIGGER_HURT": 9,
        "MOD_ROCKET": 18,
        "MOD_ROCKET_SPLASH": 39,
        "MOD_FALLING": 6,
        "MOD_RAILGUN": 12,
        "MOD_MACHINEGUN": 4,
        "MOD_SHOTGUN": 1
      },
      "killedByWorldPlayer": {
        "Oootsimo": 1,
        "Isgalamido": 4,
        "Zeh": 3,
        "Dono da Bola": 2,
        "Mal": 3,
        "Assasinu Credi": 2
      }
    }
  },
  {
    "game_7": {
      "total_kills": 67,
      "players": [
        "Oootsimo",
        "Isgalamido",
        "Zeh",
        "Dono da Bola",
        "Mal",
        "Assasinu Credi",
        "Chessus!",
        "Chessus"
      ],
      "kills": {
        "Oootsimo": 9,
        "Mal": 7,
        "Dono da Bola": 3,
        "Zeh": 15,
        "Assasinu Credi": 11,
        "Isgalamido": 2,
        "Chessus": 9
      },
      "kills_discounted_killed_by_world": {
        "Assasinu Credi": 10,
        "Isgalamido": 1,
        "Mal": 3,
        "Zeh": 12,
        "Dono da Bola": 2,
        "Chessus": 8
      },
      "killByMeans": {
        "MOD_TRIGGER_HURT": 8,
        "MOD_ROCKET_SPLASH": 25,
        "MOD_SHOTGUN": 1,
        "MOD_ROCKET": 17,
        "MOD_MACHINEGUN": 3,
        "MOD_FALLING": 3,
        "MOD_RAILGUN": 10
      },
      "killedByWorldPlayer": {
        "Assasinu Credi": 1,
        "Isgalamido": 1,
        "Mal": 4,
        "Zeh": 3,
        "Dono da Bola": 1,
        "Chessus": 1
      }
    }
  },
  {
    "game_8": {
      "total_kills": 60,
      "players": [
        "Oootsimo",
        "Dono da Bola",
        "Zeh",
        "Chessus",
        "Mal",
        "Assasinu Credi",
        "Isgalamido"
      ],
      "kills": {
        "Mal": 6,
        "Assasinu Credi": 5,
        "Dono da Bola": 5,
        "Chessus": 6,
        "Zeh": 9,
        "Isgalamido": 10,
        "Oootsimo": 1
      },
      "kills_discounted_killed_by_world": {
        "Dono da Bola": 3,
        "Oootsimo": -1,
        "Mal": 1,
        "Zeh": 7,
        "Isgalamido": 6,
        "Chessus": 5,
        "Assasinu Credi": 3
      },
      "killByMeans": {
        "MOD_TELEFRAG": 25,
        "MOD_TRIGGER_HURT": 17,
        "MOD_ROCKET": 4,
        "MOD_ROCKET_SPLASH": 1,
        "MOD_RAILGUN": 7,
        "MOD_BFG_SPLASH": 2,
        "MOD_BFG": 2,
        "MOD_MACHINEGUN": 1,
        "MOD_CRUSH": 1
      },
      "killedByWorldPlayer": {
        "Dono da Bola": 2,
        "Oootsimo": 2,
        "Mal": 5,
        "Zeh": 2,
        "Isgalamido": 4,
        "Chessus": 1,
        "Assasinu Credi": 2
      }
    }
  },
  {
    "game_9": {
      "total_kills": 20,
      "players": [
        "Dono da Bola",
        "Isgalamido",
        "Zeh",
        "Oootsimo",
        "Chessus",
        "Assasinu Credi",
        "UnnamedPlayer",
        "Mal"
      ],
      "kills": {
        "Oootsimo": 4,
        "Isgalamido": 7,
        "Dono da Bola": 1
      },
      "kills_discounted_killed_by_world": {
        "Dono da Bola": -2,
        "Isgalamido": 5,
        "Assasinu Credi": -3
      },
      "killByMeans": {
        "MOD_TRIGGER_HURT": 7,
        "MOD_CRUSH": 1,
        "MOD_ROCKET_SPLASH": 4,
        "MOD_BFG_SPLASH": 3,
        "MOD_MACHINEGUN": 1,
        "MOD_RAILGUN": 4
      },
      "killedByWorldPlayer": {
        "Dono da Bola": 3,
        "Isgalamido": 2,
        "Assasinu Credi": 3
      }
    }
  },
  {
    "game_10": {
      "total_kills": 6,
      "players": [
        "Isgalamido",
        "Dono da Bola",
        "Zeh",
        "Oootsimo",
        "Chessus",
        "Assasinu Credi",
        "Mal"
      ],
      "kills": {
        "Oootsimo": 2,
        "Zeh": 2
      },
      "kills_discounted_killed_by_world": {
        "Isgalamido": -1,
        "Dono da Bola": -1
      },
      "killByMeans": {
        "MOD_TRIGGER_HURT": 2,
        "MOD_ROCKET": 1,
        "MOD_ROCKET_SPLASH": 1,
        "MOD_BFG_SPLASH": 1,
        "MOD_BFG": 1
      },
      "killedByWorldPlayer": {
        "Isgalamido": 1,
        "Dono da Bola": 1
      }
    }
  },
  {
    "game_11": {
      "total_kills": 122,
      "players": [
        "Isgalamido",
        "Dono da Bola",
        "Zeh",
        "Oootsimo",
        "Chessus",
        "Assasinu Credi",
        "Mal"
      ],
      "kills": {
        "Isgalamido": 25,
        "Chessus": 10,
        "Assasinu Credi": 12,
        "Dono da Bola": 9,
        "Zeh": 12,
        "Oootsimo": 12,
        "Mal": 6
      },
      "kills_discounted_killed_by_world": {
        "Mal": -2,
        "Oootsimo": 9,
        "Dono da Bola": 2,
        "Assasinu Credi": 7,
        "Zeh": 5,
        "Isgalamido": 22,
        "Chessus": 7
      },
      "killByMeans": {
        "MOD_RAILGUN": 20,
        "MOD_TRIGGER_HURT": 31,
        "MOD_ROCKET": 23,
        "MOD_ROCKET_SPLASH": 24,
        "MOD_MACHINEGUN": 4,
        "MOD_BFG_SPLASH": 10,
        "MOD_FALLING": 5,
        "MOD_BFG": 5
      },
      "killedByWorldPlayer": {
        "Mal": 8,
        "Oootsimo": 3,
        "Dono da Bola": 7,
        "Assasinu Credi": 5,
        "Zeh": 7,
        "Isgalamido": 3,
        "Chessus": 3
      }
    }
  },
  {
    "game_12": {
      "total_kills": 3,
      "players": [
        "Zeh",
        "Assasinu Credi",
        "Dono da Bola",
        "Fasano Again",
        "Isgalamido",
        "Oootsimo"
      ],
      "kills": {},
      "kills_discounted_killed_by_world": {
        "Zeh": -3
      },
      "killByMeans": {
        "MOD_TRIGGER_HURT": 3
      },
      "killedByWorldPlayer": {
        "Zeh": 3
      }
    }
  },
  {
    "game_13": {
      "total_kills": 0,
      "players": [
        "Dono da Bola",
        "Oootsimo",
        "Isgalamido",
        "Assasinu Credi",
        "Zeh"
      ],
      "kills": {},
      "kills_discounted_killed_by_world": {},
      "killByMeans": {},
      "killedByWorldPlayer": {}
    }
  },
  {
    "game_14": {
      "total_kills": 13,
      "players": [
        "Dono da Bola",
        "Oootsimo",
        "Isgalamido",
        "Assasinu Credi",
        "Zeh",
        "UnnamedPlayer",
        "Mal"
      ],
      "kills": {
        "Isgalamido": 1,
        "Zeh": 1,
        "Oootsimo": 2
      },
      "kills_discounted_killed_by_world": {
        "Dono da Bola": -2,
        "Zeh": 0,
        "Assasinu Credi": -3,
        "Oootsimo": 1,
        "Isgalamido": 0,
        "Mal": -1
      },
      "killByMeans": {
        "MOD_FALLING": 3,
        "MOD_TRIGGER_HURT": 6,
        "MOD_RAILGUN": 2,
        "MOD_ROCKET_SPLASH": 2
      },
      "killedByWorldPlayer": {
        "Dono da Bola": 2,
        "Zeh": 1,
        "Assasinu Credi": 3,
        "Oootsimo": 1,
        "Isgalamido": 1,
        "Mal": 1
      }
    }
  },
  {
    "game_15": {
      "total_kills": 7,
      "players": [
        "Dono da Bola",
        "Oootsimo",
        "Isgalamido",
        "Assasinu Credi",
        "Zeh",
        "Mal"
      ],
      "kills": {
        "Zeh": 2,
        "Isgalamido": 1,
        "Assasinu Credi": 2
      },
      "kills_discounted_killed_by_world": {
        "Dono da Bola": -1,
        "Mal": -1
      },
      "killByMeans": {
        "MOD_ROCKET_SPLASH": 4,
        "MOD_ROCKET": 1,
        "MOD_FALLING": 1,
        "MOD_TRIGGER_HURT": 1
      },
      "killedByWorldPlayer": {
        "Dono da Bola": 1,
        "Mal": 1
      }
    }
  }
][
  {
    "game_1": {
      "total_kills": 0,
      "players": [
        "Isgalamido"
      ],
      "kills": {},
      "kills_discounted_killed_by_world": {},
      "killByMeans": {},
      "killedByWorldPlayer": {}
    }
  },
  {
    "game_2": {
      "total_kills": 15,
      "players": [
        "Isgalamido",
        "Dono da Bola",
        "Mocinha",
        "Zeh"
      ],
      "kills": {
        "Isgalamido": 4
      },
      "kills_discounted_killed_by_world": {
        "Isgalamido": -4,
        "Zeh": -2,
        "Dono da Bola": -1
      },
      "killByMeans": {
        "MOD_TRIGGER_HURT": 9,
        "MOD_ROCKET_SPLASH": 3,
        "MOD_FALLING": 2,
        "MOD_ROCKET": 1
      },
      "killedByWorldPlayer": {
        "Isgalamido": 8,
        "Zeh": 2,
        "Dono da Bola": 1
      }
    }
  },
  {
    "game_3": {
      "total_kills": 105,
      "players": [
        "Dono da Bola",
        "Isgalamido",
        "Zeh",
        "Assasinu Credi"
      ],
      "kills": {
        "Dono da Bola": 20,
        "Isgalamido": 27,
        "Zeh": 22,
        "Assasinu Credi": 16
      },
      "kills_discounted_killed_by_world": {
        "Isgalamido": 19,
        "Dono da Bola": 13,
        "Assasinu Credi": 13,
        "Zeh": 20
      },
      "killByMeans": {
        "MOD_TRIGGER_HURT": 9,
        "MOD_FALLING": 11,
        "MOD_ROCKET": 20,
        "MOD_RAILGUN": 8,
        "MOD_ROCKET_SPLASH": 51,
        "MOD_MACHINEGUN": 4,
        "MOD_SHOTGUN": 2
      },
      "killedByWorldPlayer": {
        "Isgalamido": 8,
        "Dono da Bola": 7,
        "Assasinu Credi": 3,
        "Zeh": 2
      }
    }
  },
  {
    "game_4": {
      "total_kills": 14,
      "players": [
        "Dono da Bola",
        "Isgalamido",
        "Zeh",
        "Assasinu Credi"
      ],
      "kills": {
        "Isgalamido": 2,
        "Zeh": 2,
        "Assasinu Credi": 5
      },
      "kills_discounted_killed_by_world": {
        "Assasinu Credi": 1,
        "Zeh": 1
      },
      "killByMeans": {
        "MOD_ROCKET": 4,
        "MOD_ROCKET_SPLASH": 4,
        "MOD_TRIGGER_HURT": 5,
        "MOD_RAILGUN": 1
      },
      "killedByWorldPlayer": {
        "Assasinu Credi": 4,
        "Zeh": 1
      }
    }
  },
  {
    "game_5": {
      "total_kills": 29,
      "players": [
        "Fasano Again",
        "Isgalamido",
        "Zeh",
        "Dono da Bola",
        "UnnamedPlayer",
        "Maluquinho",
        "Assasinu Credi",
        "Mal"
      ],
      "kills": {
        "Oootsimo": 9,
        "Isgalamido": 4,
        "Zeh": 8,
        "Dono da Bola": 2,
        "Maluquinho": 1,
        "Assasinu Credi": 1
      },
      "kills_discounted_killed_by_world": {
        "Oootsimo": 8,
        "Zeh": 7,
        "Maluquinho": 0,
        "Isgalamido": 3
      },
      "killByMeans": {
        "MOD_ROCKET": 5,
        "MOD_RAILGUN": 2,
        "MOD_SHOTGUN": 4,
        "MOD_ROCKET_SPLASH": 13,
        "MOD_TRIGGER_HURT": 3,
        "MOD_FALLING": 1,
        "MOD_MACHINEGUN": 1
      },
      "killedByWorldPlayer": {
        "Oootsimo": 1,
        "Zeh": 1,
        "Maluquinho": 1,
        "Isgalamido": 1
      }
    }
  },
  {
    "game_6": {
      "total_kills": 89,
      "players": [
        "Oootsimo",
        "Isgalamido",
        "Zeh",
        "Dono da Bola",
        "Mal",
        "Assasinu Credi"
      ],
      "kills": {
        "Isgalamido": 24,
        "Assasinu Credi": 12,
        "Zeh": 15,
        "Dono da Bola": 5,
        "Oootsimo": 17,
        "Mal": 1
      },
      "kills_discounted_killed_by_world": {
        "Oootsimo": 16,
        "Isgalamido": 20,
        "Zeh": 12,
        "Dono da Bola": 3,
        "Mal": -2,
        "Assasinu Credi": 10
      },
      "killByMeans": {
        "MOD_TRIGGER_HURT": 9,
        "MOD_ROCKET": 18,
        "MOD_ROCKET_SPLASH": 39,
        "MOD_FALLING": 6,
        "MOD_RAILGUN": 12,
        "MOD_MACHINEGUN": 4,
        "MOD_SHOTGUN": 1
      },
      "killedByWorldPlayer": {
        "Oootsimo": 1,
        "Isgalamido": 4,
        "Zeh": 3,
        "Dono da Bola": 2,
        "Mal": 3,
        "Assasinu Credi": 2
      }
    }
  },
  {
    "game_7": {
      "total_kills": 67,
      "players": [
        "Oootsimo",
        "Isgalamido",
        "Zeh",
        "Dono da Bola",
        "Mal",
        "Assasinu Credi",
        "Chessus!",
        "Chessus"
      ],
      "kills": {
        "Oootsimo": 9,
        "Mal": 7,
        "Dono da Bola": 3,
        "Zeh": 15,
        "Assasinu Credi": 11,
        "Isgalamido": 2,
        "Chessus": 9
      },
      "kills_discounted_killed_by_world": {
        "Assasinu Credi": 10,
        "Isgalamido": 1,
        "Mal": 3,
        "Zeh": 12,
        "Dono da Bola": 2,
        "Chessus": 8
      },
      "killByMeans": {
        "MOD_TRIGGER_HURT": 8,
        "MOD_ROCKET_SPLASH": 25,
        "MOD_SHOTGUN": 1,
        "MOD_ROCKET": 17,
        "MOD_MACHINEGUN": 3,
        "MOD_FALLING": 3,
        "MOD_RAILGUN": 10
      },
      "killedByWorldPlayer": {
        "Assasinu Credi": 1,
        "Isgalamido": 1,
        "Mal": 4,
        "Zeh": 3,
        "Dono da Bola": 1,
        "Chessus": 1
      }
    }
  },
  {
    "game_8": {
      "total_kills": 60,
      "players": [
        "Oootsimo",
        "Dono da Bola",
        "Zeh",
        "Chessus",
        "Mal",
        "Assasinu Credi",
        "Isgalamido"
      ],
      "kills": {
        "Mal": 6,
        "Assasinu Credi": 5,
        "Dono da Bola": 5,
        "Chessus": 6,
        "Zeh": 9,
        "Isgalamido": 10,
        "Oootsimo": 1
      },
      "kills_discounted_killed_by_world": {
        "Dono da Bola": 3,
        "Oootsimo": -1,
        "Mal": 1,
        "Zeh": 7,
        "Isgalamido": 6,
        "Chessus": 5,
        "Assasinu Credi": 3
      },
      "killByMeans": {
        "MOD_TELEFRAG": 25,
        "MOD_TRIGGER_HURT": 17,
        "MOD_ROCKET": 4,
        "MOD_ROCKET_SPLASH": 1,
        "MOD_RAILGUN": 7,
        "MOD_BFG_SPLASH": 2,
        "MOD_BFG": 2,
        "MOD_MACHINEGUN": 1,
        "MOD_CRUSH": 1
      },
      "killedByWorldPlayer": {
        "Dono da Bola": 2,
        "Oootsimo": 2,
        "Mal": 5,
        "Zeh": 2,
        "Isgalamido": 4,
        "Chessus": 1,
        "Assasinu Credi": 2
      }
    }
  },
  {
    "game_9": {
      "total_kills": 20,
      "players": [
        "Dono da Bola",
        "Isgalamido",
        "Zeh",
        "Oootsimo",
        "Chessus",
        "Assasinu Credi",
        "UnnamedPlayer",
        "Mal"
      ],
      "kills": {
        "Oootsimo": 4,
        "Isgalamido": 7,
        "Dono da Bola": 1
      },
      "kills_discounted_killed_by_world": {
        "Dono da Bola": -2,
        "Isgalamido": 5,
        "Assasinu Credi": -3
      },
      "killByMeans": {
        "MOD_TRIGGER_HURT": 7,
        "MOD_CRUSH": 1,
        "MOD_ROCKET_SPLASH": 4,
        "MOD_BFG_SPLASH": 3,
        "MOD_MACHINEGUN": 1,
        "MOD_RAILGUN": 4
      },
      "killedByWorldPlayer": {
        "Dono da Bola": 3,
        "Isgalamido": 2,
        "Assasinu Credi": 3
      }
    }
  },
  {
    "game_10": {
      "total_kills": 6,
      "players": [
        "Isgalamido",
        "Dono da Bola",
        "Zeh",
        "Oootsimo",
        "Chessus",
        "Assasinu Credi",
        "Mal"
      ],
      "kills": {
        "Oootsimo": 2,
        "Zeh": 2
      },
      "kills_discounted_killed_by_world": {
        "Isgalamido": -1,
        "Dono da Bola": -1
      },
      "killByMeans": {
        "MOD_TRIGGER_HURT": 2,
        "MOD_ROCKET": 1,
        "MOD_ROCKET_SPLASH": 1,
        "MOD_BFG_SPLASH": 1,
        "MOD_BFG": 1
      },
      "killedByWorldPlayer": {
        "Isgalamido": 1,
        "Dono da Bola": 1
      }
    }
  },
  {
    "game_11": {
      "total_kills": 122,
      "players": [
        "Isgalamido",
        "Dono da Bola",
        "Zeh",
        "Oootsimo",
        "Chessus",
        "Assasinu Credi",
        "Mal"
      ],
      "kills": {
        "Isgalamido": 25,
        "Chessus": 10,
        "Assasinu Credi": 12,
        "Dono da Bola": 9,
        "Zeh": 12,
        "Oootsimo": 12,
        "Mal": 6
      },
      "kills_discounted_killed_by_world": {
        "Mal": -2,
        "Oootsimo": 9,
        "Dono da Bola": 2,
        "Assasinu Credi": 7,
        "Zeh": 5,
        "Isgalamido": 22,
        "Chessus": 7
      },
      "killByMeans": {
        "MOD_RAILGUN": 20,
        "MOD_TRIGGER_HURT": 31,
        "MOD_ROCKET": 23,
        "MOD_ROCKET_SPLASH": 24,
        "MOD_MACHINEGUN": 4,
        "MOD_BFG_SPLASH": 10,
        "MOD_FALLING": 5,
        "MOD_BFG": 5
      },
      "killedByWorldPlayer": {
        "Mal": 8,
        "Oootsimo": 3,
        "Dono da Bola": 7,
        "Assasinu Credi": 5,
        "Zeh": 7,
        "Isgalamido": 3,
        "Chessus": 3
      }
    }
  },
  {
    "game_12": {
      "total_kills": 3,
      "players": [
        "Zeh",
        "Assasinu Credi",
        "Dono da Bola",
        "Fasano Again",
        "Isgalamido",
        "Oootsimo"
      ],
      "kills": {},
      "kills_discounted_killed_by_world": {
        "Zeh": -3
      },
      "killByMeans": {
        "MOD_TRIGGER_HURT": 3
      },
      "killedByWorldPlayer": {
        "Zeh": 3
      }
    }
  },
  {
    "game_13": {
      "total_kills": 0,
      "players": [
        "Dono da Bola",
        "Oootsimo",
        "Isgalamido",
        "Assasinu Credi",
        "Zeh"
      ],
      "kills": {},
      "kills_discounted_killed_by_world": {},
      "killByMeans": {},
      "killedByWorldPlayer": {}
    }
  },
  {
    "game_14": {
      "total_kills": 13,
      "players": [
        "Dono da Bola",
        "Oootsimo",
        "Isgalamido",
        "Assasinu Credi",
        "Zeh",
        "UnnamedPlayer",
        "Mal"
      ],
      "kills": {
        "Isgalamido": 1,
        "Zeh": 1,
        "Oootsimo": 2
      },
      "kills_discounted_killed_by_world": {
        "Dono da Bola": -2,
        "Zeh": 0,
        "Assasinu Credi": -3,
        "Oootsimo": 1,
        "Isgalamido": 0,
        "Mal": -1
      },
      "killByMeans": {
        "MOD_FALLING": 3,
        "MOD_TRIGGER_HURT": 6,
        "MOD_RAILGUN": 2,
        "MOD_ROCKET_SPLASH": 2
      },
      "killedByWorldPlayer": {
        "Dono da Bola": 2,
        "Zeh": 1,
        "Assasinu Credi": 3,
        "Oootsimo": 1,
        "Isgalamido": 1,
        "Mal": 1
      }
    }
  },
  {
    "game_15": {
      "total_kills": 7,
      "players": [
        "Dono da Bola",
        "Oootsimo",
        "Isgalamido",
        "Assasinu Credi",
        "Zeh",
        "Mal"
      ],
      "kills": {
        "Zeh": 2,
        "Isgalamido": 1,
        "Assasinu Credi": 2
      },
      "kills_discounted_killed_by_world": {
        "Dono da Bola": -1,
        "Mal": -1
      },
      "killByMeans": {
        "MOD_ROCKET_SPLASH": 4,
        "MOD_ROCKET": 1,
        "MOD_FALLING": 1,
        "MOD_TRIGGER_HURT": 1
      },
      "killedByWorldPlayer": {
        "Dono da Bola": 1,
        "Mal": 1
      }
    }
  },
  {
    "game_16": {
      "total_kills": 3,
      "players": [
        "Isgalamido",
        "Oootsimo",
        "Dono da Bola",
        "Assasinu Credi",
        "Zeh",
        "Mal"
      ],
      "kills": {
        "Dono da Bola": 2,
        "Oootsimo": 1
      },
      "kills_discounted_killed_by_world": {},
      "killByMeans": {
        "MOD_ROCKET_SPLASH": 2,
        "MOD_ROCKET": 1
      },
      "killedByWorldPlayer": {}
    }
  },
  {
    "game_17": {
      "total_kills": 131,
      "players": [
        "Isgalamido",
        "Oootsimo",
        "Dono da Bola",
        "Assasinu Credi",
        "Zeh",
        "Mal"
      ],
      "kills": {
        "Dono da Bola": 16,
        "Zeh": 21,
        "Isgalamido": 19,
        "Assasinu Credi": 22,
        "Oootsimo": 24,
        "Mal": 12
      },
      "kills_discounted_killed_by_world": {
        "Dono da Bola": 14,
        "Mal": 6,
        "Isgalamido": 17,
        "Oootsimo": 22,
        "Assasinu Credi": 19,
        "Zeh": 19
      },
      "killByMeans": {
        "MOD_ROCKET": 37,
        "MOD_TRIGGER_HURT": 14,
        "MOD_RAILGUN": 9,
        "MOD_ROCKET_SPLASH": 60,
        "MOD_MACHINEGUN": 4,
        "MOD_SHOTGUN": 4,
        "MOD_FALLING": 3
      },
      "killedByWorldPlayer": {
        "Dono da Bola": 2,
        "Mal": 6,
        "Isgalamido": 2,
        "Oootsimo": 2,
        "Assasinu Credi": 3,
        "Zeh": 2
      }
    }
  }
]